[0713/161716.553:ERROR:backend_impl.cc(1041)] Critical error found -8
[0713/161716.553:ERROR:entry_impl.cc(1075)] No file for b3020038
[0713/161716.553:WARNING:storage_block-inl.h(146)] Failed data load.
[0713/161716.553:WARNING:storage_block-inl.h(146)] Failed data load.
[0713/161716.553:WARNING:storage_block-inl.h(146)] Failed data load.
[0713/161716.553:WARNING:storage_block-inl.h(146)] Failed data load.
[0713/161716.553:ERROR:entry_impl.cc(1075)] No file for b3020034
[0713/161716.553:WARNING:storage_block-inl.h(146)] Failed data load.
[0713/161716.553:WARNING:storage_block-inl.h(146)] Failed data load.
[0713/161716.553:WARNING:storage_block-inl.h(146)] Failed data load.
[0713/161716.553:WARNING:storage_block-inl.h(146)] Failed data load.
[0713/161716.554:ERROR:entry_impl.cc(1075)] No file for b302002c
[0713/161716.554:WARNING:storage_block-inl.h(146)] Failed data load.
[0713/161716.554:WARNING:storage_block-inl.h(146)] Failed data load.
[0713/161716.554:WARNING:storage_block-inl.h(146)] Failed data load.
[0713/161716.554:WARNING:storage_block-inl.h(146)] Failed data load.
[0713/161716.554:ERROR:entry_impl.cc(1075)] No file for b3020040
[0713/161716.554:WARNING:storage_block-inl.h(146)] Failed data load.
[0713/161716.554:WARNING:storage_block-inl.h(146)] Failed data load.
[0713/161716.554:WARNING:storage_block-inl.h(146)] Failed data load.
[0713/161716.554:WARNING:storage_block-inl.h(146)] Failed data load.
[0713/161716.554:ERROR:entry_impl.cc(1075)] No file for c103019c
[0713/161716.554:WARNING:storage_block-inl.h(146)] Failed data load.
[0713/161716.554:WARNING:storage_block-inl.h(146)] Failed data load.
[0713/161716.554:WARNING:storage_block-inl.h(146)] Failed data load.
[0713/161716.554:WARNING:storage_block-inl.h(146)] Failed data load.
[0713/161716.554:ERROR:entry_impl.cc(1075)] No file for c103018a
[0713/161716.554:WARNING:storage_block-inl.h(146)] Failed data load.
[0713/161716.554:WARNING:storage_block-inl.h(146)] Failed data load.
[0713/161716.554:WARNING:storage_block-inl.h(146)] Failed data load.
[0713/161716.554:WARNING:storage_block-inl.h(146)] Failed data load.
[0713/161716.554:ERROR:entry_impl.cc(1075)] No file for c1030180
[0713/161716.554:WARNING:storage_block-inl.h(146)] Failed data load.
[0713/161716.554:WARNING:storage_block-inl.h(146)] Failed data load.
[0713/161716.554:WARNING:storage_block-inl.h(146)] Failed data load.
[0713/161716.554:WARNING:storage_block-inl.h(146)] Failed data load.
[0713/161716.554:ERROR:entry_impl.cc(1075)] No file for b302005c
[0713/161716.554:WARNING:storage_block-inl.h(146)] Failed data load.
[0713/161716.554:WARNING:storage_block-inl.h(146)] Failed data load.
[0713/161716.554:WARNING:storage_block-inl.h(146)] Failed data load.
[0713/161716.554:WARNING:storage_block-inl.h(146)] Failed data load.
[0713/161716.554:ERROR:entry_impl.cc(1075)] No file for b3020058
[0713/161716.554:WARNING:storage_block-inl.h(146)] Failed data load.
[0713/161716.554:WARNING:storage_block-inl.h(146)] Failed data load.
[0713/161716.554:WARNING:storage_block-inl.h(146)] Failed data load.
[0713/161716.554:WARNING:storage_block-inl.h(146)] Failed data load.
[0713/161716.554:ERROR:entry_impl.cc(1075)] No file for b3020060
[0713/161716.554:WARNING:storage_block-inl.h(146)] Failed data load.
[0713/161716.554:WARNING:storage_block-inl.h(146)] Failed data load.
[0713/161716.554:WARNING:storage_block-inl.h(146)] Failed data load.
[0713/161716.554:WARNING:storage_block-inl.h(146)] Failed data load.
[0713/161716.554:ERROR:entry_impl.cc(1075)] No file for b3020054
[0713/161716.554:WARNING:storage_block-inl.h(146)] Failed data load.
[0713/161716.554:WARNING:storage_block-inl.h(146)] Failed data load.
[0713/161716.554:WARNING:storage_block-inl.h(146)] Failed data load.
[0713/161716.554:WARNING:storage_block-inl.h(146)] Failed data load.
[0713/161716.554:ERROR:entry_impl.cc(1075)] No file for c10301b8
[0713/161716.554:WARNING:storage_block-inl.h(146)] Failed data load.
[0713/161716.554:WARNING:storage_block-inl.h(146)] Failed data load.
[0713/161716.554:WARNING:storage_block-inl.h(146)] Failed data load.
[0713/161716.554:WARNING:storage_block-inl.h(146)] Failed data load.
[0713/161716.554:ERROR:entry_impl.cc(1075)] No file for b3020050
[0713/161716.554:WARNING:storage_block-inl.h(146)] Failed data load.
[0713/161716.554:WARNING:storage_block-inl.h(146)] Failed data load.
[0713/161716.554:WARNING:storage_block-inl.h(146)] Failed data load.
[0713/161716.554:WARNING:storage_block-inl.h(146)] Failed data load.
[0713/161716.554:ERROR:entry_impl.cc(1075)] No file for c1030194
[0713/161716.554:WARNING:storage_block-inl.h(146)] Failed data load.
[0713/161716.554:WARNING:storage_block-inl.h(146)] Failed data load.
[0713/161716.554:WARNING:storage_block-inl.h(146)] Failed data load.
[0713/161716.554:WARNING:storage_block-inl.h(146)] Failed data load.
[0713/161716.554:ERROR:entry_impl.cc(1075)] No file for c10301b6
[0713/161716.554:WARNING:storage_block-inl.h(146)] Failed data load.
[0713/161716.554:WARNING:storage_block-inl.h(146)] Failed data load.
[0713/161716.554:WARNING:storage_block-inl.h(146)] Failed data load.
[0713/161716.554:WARNING:storage_block-inl.h(146)] Failed data load.
[0713/161716.554:ERROR:entry_impl.cc(1075)] No file for c10301b4
[0713/161716.554:WARNING:storage_block-inl.h(146)] Failed data load.
[0713/161716.554:WARNING:storage_block-inl.h(146)] Failed data load.
[0713/161716.554:WARNING:storage_block-inl.h(146)] Failed data load.
[0713/161716.554:WARNING:storage_block-inl.h(146)] Failed data load.
[0713/161716.554:ERROR:entry_impl.cc(1075)] No file for c10301ba
[0713/161716.554:WARNING:storage_block-inl.h(146)] Failed data load.
[0713/161716.554:WARNING:storage_block-inl.h(146)] Failed data load.
[0713/161716.554:WARNING:storage_block-inl.h(146)] Failed data load.
[0713/161716.555:WARNING:storage_block-inl.h(146)] Failed data load.
[0713/161716.555:ERROR:entry_impl.cc(1075)] No file for c1030196
[0713/161716.555:WARNING:storage_block-inl.h(146)] Failed data load.
[0713/161716.555:WARNING:storage_block-inl.h(146)] Failed data load.
[0713/161716.555:WARNING:storage_block-inl.h(146)] Failed data load.
[0713/161716.555:WARNING:storage_block-inl.h(146)] Failed data load.
[0713/161716.555:ERROR:entry_impl.cc(1075)] No file for b302003c
[0713/161716.555:WARNING:storage_block-inl.h(146)] Failed data load.
[0713/161716.555:WARNING:storage_block-inl.h(146)] Failed data load.
[0713/161716.555:WARNING:storage_block-inl.h(146)] Failed data load.
[0713/161716.555:WARNING:storage_block-inl.h(146)] Failed data load.
[0713/161716.555:WARNING:storage_block-inl.h(146)] Failed data load.
[0713/161716.555:WARNING:storage_block-inl.h(146)] Failed data load.
[0713/161716.556:WARNING:storage_block-inl.h(146)] Failed data load.
[0713/161716.556:WARNING:storage_block-inl.h(146)] Failed data load.
[0713/161716.556:WARNING:storage_block-inl.h(146)] Failed data load.
[0713/161716.557:WARNING:storage_block-inl.h(146)] Failed data load.
[0713/161716.557:WARNING:storage_block-inl.h(146)] Failed data load.
[0713/161716.557:WARNING:storage_block-inl.h(146)] Failed data load.
[0713/161716.557:WARNING:storage_block-inl.h(146)] Failed data load.
[0713/161716.558:WARNING:storage_block-inl.h(146)] Failed data load.
[0713/161716.558:WARNING:storage_block-inl.h(146)] Failed data load.
[0713/161716.558:WARNING:storage_block-inl.h(146)] Failed data load.
[0713/161716.558:WARNING:storage_block-inl.h(146)] Failed data load.
[0713/161716.558:WARNING:storage_block-inl.h(146)] Failed data load.
[0713/161716.558:WARNING:storage_block-inl.h(146)] Failed data load.
[0713/161911.506:ERROR:gpu_init.cc(426)] Passthrough is not supported, GL is disabled
[0713/162239.464:WARNING:spdy_session.cc(3431)] Received HEADERS for invalid stream 125
[0713/163835.010:WARNING:angle_platform_impl.cc(48)] HLSLCompiler.cpp:257 (compileToBinary): 
C:\fakepath(102,1-6): warning X4000: use of potentially uninitialized variable (dyn_index_vec4_float4)

[0713/163835.036:WARNING:angle_platform_impl.cc(48)] HLSLCompiler.cpp:257 (compileToBinary): 
C:\fakepath(125,1): warning X4000: use of potentially uninitialized variable (f_mainImage)

[0713/163835.091:WARNING:angle_platform_impl.cc(48)] HLSLCompiler.cpp:257 (compileToBinary): 
C:\fakepath(135,1): warning X4000: use of potentially uninitialized variable (f_i)
C:\fakepath(137,1): warning X4000: use of potentially uninitialized variable (f_i)
C:\fakepath(173,1): warning X4000: use of potentially uninitialized variable (f_u)

[0713/163835.495:WARNING:angle_platform_impl.cc(48)] HLSLCompiler.cpp:257 (compileToBinary): 
C:\fakepath(165,1): warning X4000: use of potentially uninitialized variable (f_renderMipMapLevel)

